  ex4.cpp
C:\Users\JOSUEYEON\source\repos\LAB11\ex4\ex4.cpp(74,25): warning C4305: '인수': 'double'에서 'T'(으)로 잘립니다.
          with
          [
              T=float
          ]
C:\Users\JOSUEYEON\source\repos\LAB11\ex4\ex4.cpp(76,25): warning C4305: '인수': 'double'에서 'T'(으)로 잘립니다.
          with
          [
              T=float
          ]
C:\Users\JOSUEYEON\source\repos\LAB11\ex4\ex4.cpp(77,25): warning C4305: '인수': 'double'에서 'T'(으)로 잘립니다.
          with
          [
              T=float
          ]
C:\Users\JOSUEYEON\source\repos\LAB11\ex4\ex4.cpp(51): warning C4715: 'Queue<int>::Dequeue': 모든 제어 경로에서 값을 반환하지는 않습니다.
C:\Users\JOSUEYEON\source\repos\LAB11\ex4\ex4.cpp(51): warning C4715: 'Queue<float>::Dequeue': 모든 제어 경로에서 값을 반환하지는 않습니다.
C:\Users\JOSUEYEON\source\repos\LAB11\ex4\ex4.cpp(51): warning C4715: 'Queue<char>::Dequeue': 모든 제어 경로에서 값을 반환하지는 않습니다.
  ex4.vcxproj -> C:\Users\JOSUEYEON\source\repos\LAB11\Debug\ex4.exe
